SF:c:\Users\anh.lamquoc\Workspace\Personal\Projects\study-unit-test\Nutrition.APIs\Program.cs
FN:32,System.Void Program::<<Main>$>g__AddBusinessServices|0_0(Microsoft.Extensions.DependencyInjection.IServiceCollection)
FNDA:0,System.Void Program::<<Main>$>g__AddBusinessServices|0_0(Microsoft.Extensions.DependencyInjection.IServiceCollection)
DA:33,0
DA:34,0
DA:35,0
DA:36,0
DA:37,0
DA:38,0
FN:3,System.Void Program/<<Main>$>d__0::MoveNext()
FNDA:0,System.Void Program/<<Main>$>d__0::MoveNext()
DA:4,0
DA:8,0
DA:9,0
DA:10,0
DA:11,0
DA:13,0
DA:16,0
DA:17,0
DA:18,0
DA:19,0
DA:20,0
DA:22,0
DA:23,0
DA:25,0
DA:26,0
DA:27,0
DA:28,0
DA:30,0
BRDA:16,182,0,0
BRDA:16,182,1,0
FN:40,System.Void Program/<>c__DisplayClass0_0/<<<Main>$>g__MigrateDatabase|1>d::MoveNext()
FNDA:0,System.Void Program/<>c__DisplayClass0_0/<<<Main>$>g__MigrateDatabase|1>d::MoveNext()
DA:41,0
DA:42,0
DA:43,0
DA:44,0
DA:45,0
DA:46,0
DA:47,0
DA:48,0
BRDA:47,720,0,0
BRDA:47,720,1,0
BRDA:47,762,1,0
BRDA:47,762,0,0
LF:32
LH:0
BRF:6
BRH:0
FNF:3
FNH:0
end_of_record
SF:c:\Users\anh.lamquoc\Workspace\Personal\Projects\study-unit-test\Nutrition.APIs\Domains\BaseEntity.cs
FN:4,System.Guid Nutrition.APIs.BaseEntity::get_Id()
FNDA:154,System.Guid Nutrition.APIs.BaseEntity::get_Id()
DA:5,154
FN:5,System.Nullable`1<System.DateTimeOffset> Nutrition.APIs.BaseEntity::get_CreatedAt()
FNDA:39,System.Nullable`1<System.DateTimeOffset> Nutrition.APIs.BaseEntity::get_CreatedAt()
DA:6,39
FN:6,System.Nullable`1<System.DateTimeOffset> Nutrition.APIs.BaseEntity::get_ModifiedAt()
FNDA:39,System.Nullable`1<System.DateTimeOffset> Nutrition.APIs.BaseEntity::get_ModifiedAt()
DA:7,39
FN:7,System.Nullable`1<System.DateTimeOffset> Nutrition.APIs.BaseEntity::get_DeletedAt()
FNDA:38,System.Nullable`1<System.DateTimeOffset> Nutrition.APIs.BaseEntity::get_DeletedAt()
DA:8,38
FN:8,System.Nullable`1<System.Guid> Nutrition.APIs.BaseEntity::get_CreatedBy()
FNDA:38,System.Nullable`1<System.Guid> Nutrition.APIs.BaseEntity::get_CreatedBy()
DA:9,38
FN:9,System.Nullable`1<System.Guid> Nutrition.APIs.BaseEntity::get_ModifiedBy()
FNDA:38,System.Nullable`1<System.Guid> Nutrition.APIs.BaseEntity::get_ModifiedBy()
DA:10,38
FN:10,System.Nullable`1<System.Guid> Nutrition.APIs.BaseEntity::get_DeletedBy()
FNDA:38,System.Nullable`1<System.Guid> Nutrition.APIs.BaseEntity::get_DeletedBy()
DA:11,38
FN:11,System.Boolean Nutrition.APIs.BaseEntity::get_IsDeleted()
FNDA:46,System.Boolean Nutrition.APIs.BaseEntity::get_IsDeleted()
DA:12,46
LF:8
LH:8
BRF:0
BRH:0
FNF:8
FNH:8
end_of_record
SF:c:\Users\anh.lamquoc\Workspace\Personal\Projects\study-unit-test\Nutrition.APIs\Domains\FoodAggregates\Category.cs
FN:4,System.String Nutrition.APIs.Category::get_Name()
FNDA:0,System.String Nutrition.APIs.Category::get_Name()
DA:5,0
FN:5,System.String Nutrition.APIs.Category::get_Description()
FNDA:0,System.String Nutrition.APIs.Category::get_Description()
DA:6,0
FN:7,System.Collections.Generic.List`1<Nutrition.APIs.FoodCategory> Nutrition.APIs.Category::get_FoodCategories()
FNDA:0,System.Collections.Generic.List`1<Nutrition.APIs.FoodCategory> Nutrition.APIs.Category::get_FoodCategories()
DA:8,0
LF:3
LH:0
BRF:0
BRH:0
FNF:3
FNH:0
end_of_record
SF:c:\Users\anh.lamquoc\Workspace\Personal\Projects\study-unit-test\Nutrition.APIs\Domains\FoodAggregates\Food.cs
FN:4,System.String Nutrition.APIs.Food::get_Name()
FNDA:85,System.String Nutrition.APIs.Food::get_Name()
DA:5,85
FN:5,System.Collections.Generic.List`1<Nutrition.APIs.FoodCategory> Nutrition.APIs.Food::get_FoodCategories()
FNDA:17,System.Collections.Generic.List`1<Nutrition.APIs.FoodCategory> Nutrition.APIs.Food::get_FoodCategories()
DA:6,17
FN:6,System.Collections.Generic.List`1<Nutrition.APIs.FoodVariation> Nutrition.APIs.Food::get_FoodVariations()
FNDA:17,System.Collections.Generic.List`1<Nutrition.APIs.FoodVariation> Nutrition.APIs.Food::get_FoodVariations()
DA:7,17
LF:3
LH:3
BRF:0
BRH:0
FNF:3
FNH:3
end_of_record
SF:c:\Users\anh.lamquoc\Workspace\Personal\Projects\study-unit-test\Nutrition.APIs\Domains\FoodAggregates\FoodCategory.cs
FN:4,System.Nullable`1<System.Guid> Nutrition.APIs.FoodCategory::get_FoodId()
FNDA:0,System.Nullable`1<System.Guid> Nutrition.APIs.FoodCategory::get_FoodId()
DA:5,0
FN:5,System.Nullable`1<System.Guid> Nutrition.APIs.FoodCategory::get_CategoryId()
FNDA:0,System.Nullable`1<System.Guid> Nutrition.APIs.FoodCategory::get_CategoryId()
DA:6,0
FN:7,Nutrition.APIs.Food Nutrition.APIs.FoodCategory::get_Food()
FNDA:0,Nutrition.APIs.Food Nutrition.APIs.FoodCategory::get_Food()
DA:8,0
FN:8,Nutrition.APIs.Category Nutrition.APIs.FoodCategory::get_Category()
FNDA:0,Nutrition.APIs.Category Nutrition.APIs.FoodCategory::get_Category()
DA:9,0
LF:4
LH:0
BRF:0
BRH:0
FNF:4
FNH:0
end_of_record
SF:c:\Users\anh.lamquoc\Workspace\Personal\Projects\study-unit-test\Nutrition.APIs\Domains\FoodAggregates\FoodNutritionValue.cs
FN:4,System.Double Nutrition.APIs.FoodNutritionValue::get_Amount()
FNDA:0,System.Double Nutrition.APIs.FoodNutritionValue::get_Amount()
DA:5,0
FN:5,System.Nullable`1<System.Guid> Nutrition.APIs.FoodNutritionValue::get_NutritionId()
FNDA:0,System.Nullable`1<System.Guid> Nutrition.APIs.FoodNutritionValue::get_NutritionId()
DA:6,0
FN:6,System.Nullable`1<System.Guid> Nutrition.APIs.FoodNutritionValue::get_FoodVariationId()
FNDA:0,System.Nullable`1<System.Guid> Nutrition.APIs.FoodNutritionValue::get_FoodVariationId()
DA:7,0
FN:8,Nutrition.APIs.Nutrition Nutrition.APIs.FoodNutritionValue::get_Nutrition()
FNDA:0,Nutrition.APIs.Nutrition Nutrition.APIs.FoodNutritionValue::get_Nutrition()
DA:9,0
FN:9,Nutrition.APIs.FoodVariation Nutrition.APIs.FoodNutritionValue::get_FoodVariation()
FNDA:0,Nutrition.APIs.FoodVariation Nutrition.APIs.FoodNutritionValue::get_FoodVariation()
DA:10,0
LF:5
LH:0
BRF:0
BRH:0
FNF:5
FNH:0
end_of_record
SF:c:\Users\anh.lamquoc\Workspace\Personal\Projects\study-unit-test\Nutrition.APIs\Domains\FoodAggregates\FoodVariation.cs
FN:4,System.String Nutrition.APIs.FoodVariation::get_VariationDescription()
FNDA:0,System.String Nutrition.APIs.FoodVariation::get_VariationDescription()
DA:5,0
FN:5,System.Double Nutrition.APIs.FoodVariation::get_NutritionServingAmount()
FNDA:0,System.Double Nutrition.APIs.FoodVariation::get_NutritionServingAmount()
DA:6,0
FN:6,System.String Nutrition.APIs.FoodVariation::get_NutritionServingUnit()
FNDA:0,System.String Nutrition.APIs.FoodVariation::get_NutritionServingUnit()
DA:7,0
FN:7,System.Double Nutrition.APIs.FoodVariation::get_CaloriesPerServing()
FNDA:0,System.Double Nutrition.APIs.FoodVariation::get_CaloriesPerServing()
DA:8,0
FN:9,System.Guid Nutrition.APIs.FoodVariation::get_FoodId()
FNDA:0,System.Guid Nutrition.APIs.FoodVariation::get_FoodId()
DA:10,0
FN:11,Nutrition.APIs.Food Nutrition.APIs.FoodVariation::get_Food()
FNDA:0,Nutrition.APIs.Food Nutrition.APIs.FoodVariation::get_Food()
DA:12,0
FN:13,System.Collections.Generic.List`1<Nutrition.APIs.FoodNutritionValue> Nutrition.APIs.FoodVariation::get_FoodNutritionValues()
FNDA:0,System.Collections.Generic.List`1<Nutrition.APIs.FoodNutritionValue> Nutrition.APIs.FoodVariation::get_FoodNutritionValues()
DA:14,0
FN:14,System.Collections.Generic.List`1<Nutrition.APIs.MealDetail> Nutrition.APIs.FoodVariation::get_MealDetails()
FNDA:0,System.Collections.Generic.List`1<Nutrition.APIs.MealDetail> Nutrition.APIs.FoodVariation::get_MealDetails()
DA:15,0
LF:8
LH:0
BRF:0
BRH:0
FNF:8
FNH:0
end_of_record
SF:c:\Users\anh.lamquoc\Workspace\Personal\Projects\study-unit-test\Nutrition.APIs\Domains\MealAggregates\Meal.cs
FN:4,System.String Nutrition.APIs.Meal::get_Title()
FNDA:33,System.String Nutrition.APIs.Meal::get_Title()
DA:5,33
FN:5,System.String Nutrition.APIs.Meal::get_Description()
FNDA:33,System.String Nutrition.APIs.Meal::get_Description()
DA:6,33
FN:6,System.Nullable`1<System.DateTimeOffset> Nutrition.APIs.Meal::get_From()
FNDA:12,System.Nullable`1<System.DateTimeOffset> Nutrition.APIs.Meal::get_From()
DA:7,12
FN:7,System.Nullable`1<System.DateTimeOffset> Nutrition.APIs.Meal::get_To()
FNDA:12,System.Nullable`1<System.DateTimeOffset> Nutrition.APIs.Meal::get_To()
DA:8,12
FN:8,System.Double Nutrition.APIs.Meal::get_CalculatedCalories()
FNDA:12,System.Double Nutrition.APIs.Meal::get_CalculatedCalories()
DA:9,12
FN:10,System.Guid Nutrition.APIs.Meal::get_MealTypeId()
FNDA:12,System.Guid Nutrition.APIs.Meal::get_MealTypeId()
DA:11,12
FN:12,Nutrition.APIs.MealType Nutrition.APIs.Meal::get_MealType()
FNDA:12,Nutrition.APIs.MealType Nutrition.APIs.Meal::get_MealType()
DA:13,12
FN:14,System.Collections.Generic.List`1<Nutrition.APIs.MealDetail> Nutrition.APIs.Meal::get_MealDetails()
FNDA:12,System.Collections.Generic.List`1<Nutrition.APIs.MealDetail> Nutrition.APIs.Meal::get_MealDetails()
DA:15,12
LF:8
LH:8
BRF:0
BRH:0
FNF:8
FNH:8
end_of_record
SF:c:\Users\anh.lamquoc\Workspace\Personal\Projects\study-unit-test\Nutrition.APIs\Domains\MealAggregates\MealDetail.cs
FN:4,System.Double Nutrition.APIs.MealDetail::get_InputAmount()
FNDA:0,System.Double Nutrition.APIs.MealDetail::get_InputAmount()
DA:5,0
FN:5,System.String Nutrition.APIs.MealDetail::get_InputUnit()
FNDA:0,System.String Nutrition.APIs.MealDetail::get_InputUnit()
DA:6,0
FN:6,System.Double Nutrition.APIs.MealDetail::get_DefaultUnitAmount()
FNDA:0,System.Double Nutrition.APIs.MealDetail::get_DefaultUnitAmount()
DA:7,0
FN:8,System.Guid Nutrition.APIs.MealDetail::get_FoodVariationId()
FNDA:0,System.Guid Nutrition.APIs.MealDetail::get_FoodVariationId()
DA:9,0
FN:9,System.Guid Nutrition.APIs.MealDetail::get_MealId()
FNDA:0,System.Guid Nutrition.APIs.MealDetail::get_MealId()
DA:10,0
FN:11,Nutrition.APIs.FoodVariation Nutrition.APIs.MealDetail::get_FoodVariation()
FNDA:0,Nutrition.APIs.FoodVariation Nutrition.APIs.MealDetail::get_FoodVariation()
DA:12,0
FN:12,Nutrition.APIs.Meal Nutrition.APIs.MealDetail::get_Meal()
FNDA:0,Nutrition.APIs.Meal Nutrition.APIs.MealDetail::get_Meal()
DA:13,0
LF:7
LH:0
BRF:0
BRH:0
FNF:7
FNH:0
end_of_record
SF:c:\Users\anh.lamquoc\Workspace\Personal\Projects\study-unit-test\Nutrition.APIs\Domains\MealAggregates\MealType.cs
FN:4,System.String Nutrition.APIs.MealType::get_Title()
FNDA:0,System.String Nutrition.APIs.MealType::get_Title()
DA:5,0
FN:5,System.String Nutrition.APIs.MealType::get_Description()
FNDA:0,System.String Nutrition.APIs.MealType::get_Description()
DA:6,0
FN:7,System.Collections.Generic.List`1<Nutrition.APIs.Meal> Nutrition.APIs.MealType::get_Meals()
FNDA:0,System.Collections.Generic.List`1<Nutrition.APIs.Meal> Nutrition.APIs.MealType::get_Meals()
DA:8,0
LF:3
LH:0
BRF:0
BRH:0
FNF:3
FNH:0
end_of_record
SF:c:\Users\anh.lamquoc\Workspace\Personal\Projects\study-unit-test\Nutrition.APIs\Domains\NutritionAggregates\Nutrition.cs
FN:6,System.String Nutrition.APIs.Nutrition::get_Name()
FNDA:29,System.String Nutrition.APIs.Nutrition::get_Name()
DA:7,29
FN:7,System.String Nutrition.APIs.Nutrition::get_Unit()
FNDA:20,System.String Nutrition.APIs.Nutrition::get_Unit()
DA:8,20
FN:8,System.String Nutrition.APIs.Nutrition::get_Description()
FNDA:7,System.String Nutrition.APIs.Nutrition::get_Description()
DA:9,7
FN:9,System.Double Nutrition.APIs.Nutrition::get_CaloriesPerUnit()
FNDA:7,System.Double Nutrition.APIs.Nutrition::get_CaloriesPerUnit()
DA:10,7
FN:11,System.Nullable`1<System.Guid> Nutrition.APIs.Nutrition::get_ParentNutritionId()
FNDA:7,System.Nullable`1<System.Guid> Nutrition.APIs.Nutrition::get_ParentNutritionId()
DA:12,7
FN:12,System.Nullable`1<System.Guid> Nutrition.APIs.Nutrition::get_NutritionTypeId()
FNDA:7,System.Nullable`1<System.Guid> Nutrition.APIs.Nutrition::get_NutritionTypeId()
DA:13,7
FN:14,Nutrition.APIs.Nutrition Nutrition.APIs.Nutrition::get_ParentNutrition()
FNDA:7,Nutrition.APIs.Nutrition Nutrition.APIs.Nutrition::get_ParentNutrition()
DA:15,7
FN:15,Nutrition.APIs.NutritionType Nutrition.APIs.Nutrition::get_NutritionType()
FNDA:7,Nutrition.APIs.NutritionType Nutrition.APIs.Nutrition::get_NutritionType()
DA:16,7
FN:17,System.Collections.Generic.List`1<Nutrition.APIs.Nutrition> Nutrition.APIs.Nutrition::get_ChildrenNutritions()
FNDA:7,System.Collections.Generic.List`1<Nutrition.APIs.Nutrition> Nutrition.APIs.Nutrition::get_ChildrenNutritions()
DA:18,7
FN:18,System.Collections.Generic.List`1<Nutrition.APIs.FoodNutritionValue> Nutrition.APIs.Nutrition::get_FoodNutritionValues()
FNDA:7,System.Collections.Generic.List`1<Nutrition.APIs.FoodNutritionValue> Nutrition.APIs.Nutrition::get_FoodNutritionValues()
DA:19,7
FN:21,System.String Nutrition.APIs.Nutrition::get_NutritionTypeValue()
FNDA:7,System.String Nutrition.APIs.Nutrition::get_NutritionTypeValue()
DA:22,7
LF:11
LH:11
BRF:0
BRH:0
FNF:11
FNH:11
end_of_record
SF:c:\Users\anh.lamquoc\Workspace\Personal\Projects\study-unit-test\Nutrition.APIs\Domains\NutritionAggregates\NutritionType.cs
FN:4,System.String Nutrition.APIs.NutritionType::get_Name()
FNDA:0,System.String Nutrition.APIs.NutritionType::get_Name()
DA:5,0
FN:6,System.Collections.Generic.List`1<Nutrition.APIs.Nutrition> Nutrition.APIs.NutritionType::get_Nutritions()
FNDA:0,System.Collections.Generic.List`1<Nutrition.APIs.Nutrition> Nutrition.APIs.NutritionType::get_Nutritions()
DA:7,0
LF:2
LH:0
BRF:0
BRH:0
FNF:2
FNH:0
end_of_record
SF:c:\Users\anh.lamquoc\Workspace\Personal\Projects\study-unit-test\Nutrition.APIs\Domains\NutritionContext.cs
FN:6,Microsoft.EntityFrameworkCore.DbSet`1<Nutrition.APIs.Category> Nutrition.APIs.NutritionContext::get_Categories()
FNDA:6,Microsoft.EntityFrameworkCore.DbSet`1<Nutrition.APIs.Category> Nutrition.APIs.NutritionContext::get_Categories()
DA:7,6
FN:7,Microsoft.EntityFrameworkCore.DbSet`1<Nutrition.APIs.Food> Nutrition.APIs.NutritionContext::get_Foods()
FNDA:6,Microsoft.EntityFrameworkCore.DbSet`1<Nutrition.APIs.Food> Nutrition.APIs.NutritionContext::get_Foods()
DA:8,6
FN:8,Microsoft.EntityFrameworkCore.DbSet`1<Nutrition.APIs.FoodCategory> Nutrition.APIs.NutritionContext::get_FoodCategories()
FNDA:6,Microsoft.EntityFrameworkCore.DbSet`1<Nutrition.APIs.FoodCategory> Nutrition.APIs.NutritionContext::get_FoodCategories()
DA:9,6
FN:9,Microsoft.EntityFrameworkCore.DbSet`1<Nutrition.APIs.FoodNutritionValue> Nutrition.APIs.NutritionContext::get_FoodNutritionValues()
FNDA:6,Microsoft.EntityFrameworkCore.DbSet`1<Nutrition.APIs.FoodNutritionValue> Nutrition.APIs.NutritionContext::get_FoodNutritionValues()
DA:10,6
FN:10,Microsoft.EntityFrameworkCore.DbSet`1<Nutrition.APIs.FoodVariation> Nutrition.APIs.NutritionContext::get_FoodVariations()
FNDA:6,Microsoft.EntityFrameworkCore.DbSet`1<Nutrition.APIs.FoodVariation> Nutrition.APIs.NutritionContext::get_FoodVariations()
DA:11,6
FN:11,Microsoft.EntityFrameworkCore.DbSet`1<Nutrition.APIs.Meal> Nutrition.APIs.NutritionContext::get_Meals()
FNDA:6,Microsoft.EntityFrameworkCore.DbSet`1<Nutrition.APIs.Meal> Nutrition.APIs.NutritionContext::get_Meals()
DA:12,6
FN:12,Microsoft.EntityFrameworkCore.DbSet`1<Nutrition.APIs.MealDetail> Nutrition.APIs.NutritionContext::get_MealDetails()
FNDA:6,Microsoft.EntityFrameworkCore.DbSet`1<Nutrition.APIs.MealDetail> Nutrition.APIs.NutritionContext::get_MealDetails()
DA:13,6
FN:13,Microsoft.EntityFrameworkCore.DbSet`1<Nutrition.APIs.MealType> Nutrition.APIs.NutritionContext::get_MealTypes()
FNDA:6,Microsoft.EntityFrameworkCore.DbSet`1<Nutrition.APIs.MealType> Nutrition.APIs.NutritionContext::get_MealTypes()
DA:14,6
FN:14,Microsoft.EntityFrameworkCore.DbSet`1<Nutrition.APIs.Nutrition> Nutrition.APIs.NutritionContext::get_Nutritions()
FNDA:6,Microsoft.EntityFrameworkCore.DbSet`1<Nutrition.APIs.Nutrition> Nutrition.APIs.NutritionContext::get_Nutritions()
DA:15,6
FN:15,Microsoft.EntityFrameworkCore.DbSet`1<Nutrition.APIs.NutritionType> Nutrition.APIs.NutritionContext::get_NutritionTypes()
FNDA:6,Microsoft.EntityFrameworkCore.DbSet`1<Nutrition.APIs.NutritionType> Nutrition.APIs.NutritionContext::get_NutritionTypes()
DA:16,6
FN:18,System.Void Nutrition.APIs.NutritionContext::OnModelCreating(Microsoft.EntityFrameworkCore.ModelBuilder)
FNDA:0,System.Void Nutrition.APIs.NutritionContext::OnModelCreating(Microsoft.EntityFrameworkCore.ModelBuilder)
DA:19,0
DA:20,0
DA:21,0
DA:22,0
DA:23,0
DA:24,0
DA:25,0
LF:17
LH:10
BRF:0
BRH:0
FNF:11
FNH:10
end_of_record
SF:c:\Users\anh.lamquoc\Workspace\Personal\Projects\study-unit-test\Nutrition.APIs\Endpoints\FoodEndpoints.cs
FN:8,System.Void Nutrition.APIs.FoodEndpoints::UseFoodEndpoints(Microsoft.AspNetCore.Builder.WebApplication)
FNDA:0,System.Void Nutrition.APIs.FoodEndpoints::UseFoodEndpoints(Microsoft.AspNetCore.Builder.WebApplication)
DA:9,0
DA:10,0
DA:12,0
DA:14,0
DA:16,0
DA:18,0
DA:19,0
DA:20,0
DA:21,0
DA:22,0
DA:23,0
DA:24,0
DA:25,0
DA:26,0
DA:27,0
DA:28,0
DA:29,0
DA:30,0
DA:31,0
DA:32,0
DA:34,0
DA:35,0
DA:36,0
DA:37,0
DA:38,0
DA:39,0
DA:40,0
DA:41,0
DA:42,0
DA:43,0
DA:44,0
DA:45,0
DA:46,0
DA:47,0
DA:48,0
DA:49,0
FN:68,System.Void Nutrition.APIs.FoodEndpoints/<CreateFood>d__3::MoveNext()
FNDA:2,System.Void Nutrition.APIs.FoodEndpoints/<CreateFood>d__3::MoveNext()
DA:69,2
DA:70,2
DA:71,2
DA:72,2
FN:57,System.Void Nutrition.APIs.FoodEndpoints/<GetFood>d__2::MoveNext()
FNDA:6,System.Void Nutrition.APIs.FoodEndpoints/<GetFood>d__2::MoveNext()
DA:58,6
DA:59,6
DA:60,6
DA:61,2
DA:62,2
DA:65,4
DA:66,6
BRDA:60,159,0,2
BRDA:60,159,1,4
FN:51,System.Void Nutrition.APIs.FoodEndpoints/<ListFoods>d__1::MoveNext()
FNDA:3,System.Void Nutrition.APIs.FoodEndpoints/<ListFoods>d__1::MoveNext()
DA:52,3
DA:53,3
DA:54,3
DA:55,3
LF:51
LH:15
BRF:6
BRH:2
FNF:4
FNH:3
end_of_record
SF:c:\Users\anh.lamquoc\Workspace\Personal\Projects\study-unit-test\Nutrition.APIs\Endpoints\MealEndpoints.cs
FN:7,System.Void Nutrition.APIs.MealEndpoints::UseMealEndpoints(Microsoft.AspNetCore.Builder.WebApplication)
FNDA:0,System.Void Nutrition.APIs.MealEndpoints::UseMealEndpoints(Microsoft.AspNetCore.Builder.WebApplication)
DA:8,0
DA:9,0
DA:10,0
DA:11,0
DA:12,0
FN:20,System.Void Nutrition.APIs.MealEndpoints/<CreateMeal>d__2::MoveNext()
FNDA:0,System.Void Nutrition.APIs.MealEndpoints/<CreateMeal>d__2::MoveNext()
DA:21,0
DA:22,0
DA:23,0
DA:24,0
FN:14,System.Void Nutrition.APIs.MealEndpoints/<ListMeals>d__1::MoveNext()
FNDA:3,System.Void Nutrition.APIs.MealEndpoints/<ListMeals>d__1::MoveNext()
DA:15,3
DA:16,3
DA:17,3
DA:18,3
LF:13
LH:4
BRF:0
BRH:0
FNF:3
FNH:1
end_of_record
SF:c:\Users\anh.lamquoc\Workspace\Personal\Projects\study-unit-test\Nutrition.APIs\Endpoints\NutritionEndpoints.cs
FN:7,System.Void Nutrition.APIs.NutritionEndpoints::UseNutritionEndpoints(Microsoft.AspNetCore.Builder.WebApplication)
FNDA:0,System.Void Nutrition.APIs.NutritionEndpoints::UseNutritionEndpoints(Microsoft.AspNetCore.Builder.WebApplication)
DA:8,0
DA:9,0
DA:11,0
DA:12,0
DA:13,0
DA:14,0
FN:33,System.Void Nutrition.APIs.NutritionEndpoints/<Create>d__3::MoveNext()
FNDA:0,System.Void Nutrition.APIs.NutritionEndpoints/<Create>d__3::MoveNext()
DA:34,0
DA:35,0
DA:36,0
DA:37,0
FN:22,System.Void Nutrition.APIs.NutritionEndpoints/<GetOne>d__2::MoveNext()
FNDA:6,System.Void Nutrition.APIs.NutritionEndpoints/<GetOne>d__2::MoveNext()
DA:23,6
DA:24,6
DA:25,6
DA:26,2
DA:27,2
DA:30,4
DA:31,6
BRDA:25,159,0,2
BRDA:25,159,1,4
FN:16,System.Void Nutrition.APIs.NutritionEndpoints/<ListNutritions>d__1::MoveNext()
FNDA:3,System.Void Nutrition.APIs.NutritionEndpoints/<ListNutritions>d__1::MoveNext()
DA:17,3
DA:18,3
DA:19,3
DA:20,3
LF:21
LH:11
BRF:2
BRH:2
FNF:4
FNH:2
end_of_record
SF:c:\Users\anh.lamquoc\Workspace\Personal\Projects\study-unit-test\Nutrition.APIs\Endpoints\ReportEndpoints.cs
FN:7,System.Void Nutrition.APIs.ReportEndpoints::UseReportEndpoints(Microsoft.AspNetCore.Builder.WebApplication)
FNDA:0,System.Void Nutrition.APIs.ReportEndpoints::UseReportEndpoints(Microsoft.AspNetCore.Builder.WebApplication)
DA:8,0
DA:9,0
DA:10,0
DA:11,0
FN:13,System.Void Nutrition.APIs.ReportEndpoints/<GetNutritionProfileReport>d__1::MoveNext()
FNDA:0,System.Void Nutrition.APIs.ReportEndpoints/<GetNutritionProfileReport>d__1::MoveNext()
DA:14,0
DA:15,0
DA:16,0
DA:17,0
LF:8
LH:0
BRF:0
BRH:0
FNF:2
FNH:0
end_of_record
SF:c:\Users\anh.lamquoc\Workspace\Personal\Projects\study-unit-test\Nutrition.APIs\MigrateData\CategorySeedData.cs
FN:6,System.Void Nutrition.APIs.CategorySeedData::.cctor()
FNDA:0,System.Void Nutrition.APIs.CategorySeedData::.cctor()
DA:7,0
DA:8,0
DA:9,0
DA:10,0
DA:11,0
DA:12,0
DA:13,0
DA:14,0
DA:15,0
DA:16,0
DA:17,0
DA:18,0
DA:19,0
DA:20,0
DA:21,0
DA:22,0
DA:23,0
DA:24,0
DA:25,0
DA:26,0
DA:27,0
DA:28,0
DA:29,0
DA:30,0
DA:31,0
DA:32,0
DA:33,0
DA:34,0
DA:35,0
DA:36,0
DA:37,0
DA:38,0
DA:39,0
DA:40,0
DA:41,0
DA:42,0
DA:43,0
DA:44,0
DA:45,0
FN:47,System.Void Nutrition.APIs.CategorySeedData/<SeedData>d__1::MoveNext()
FNDA:0,System.Void Nutrition.APIs.CategorySeedData/<SeedData>d__1::MoveNext()
DA:48,0
DA:49,0
DA:50,0
DA:51,0
DA:52,0
DA:53,0
DA:54,0
DA:55,0
BRDA:50,185,0,0
BRDA:50,185,1,0
LF:47
LH:0
BRF:2
BRH:0
FNF:2
FNH:0
end_of_record
SF:c:\Users\anh.lamquoc\Workspace\Personal\Projects\study-unit-test\Nutrition.APIs\MigrateData\NutritionSeedData.cs
FN:7,System.Void Nutrition.APIs.NutritionSeedData::.cctor()
FNDA:0,System.Void Nutrition.APIs.NutritionSeedData::.cctor()
DA:8,0
DA:9,0
DA:10,0
DA:11,0
DA:12,0
DA:13,0
DA:14,0
DA:15,0
DA:16,0
DA:17,0
DA:18,0
DA:20,0
DA:21,0
DA:22,0
DA:23,0
DA:24,0
DA:25,0
DA:26,0
DA:27,0
DA:28,0
DA:29,0
DA:30,0
DA:31,0
DA:32,0
DA:33,0
DA:34,0
DA:35,0
DA:36,0
DA:37,0
DA:38,0
DA:39,0
DA:40,0
DA:41,0
DA:42,0
DA:43,0
DA:44,0
DA:45,0
DA:46,0
DA:47,0
DA:48,0
DA:49,0
DA:50,0
DA:51,0
DA:52,0
DA:53,0
DA:54,0
DA:55,0
DA:56,0
DA:57,0
DA:58,0
DA:59,0
DA:60,0
DA:61,0
DA:62,0
DA:63,0
DA:64,0
DA:65,0
DA:66,0
DA:67,0
DA:68,0
DA:69,0
DA:70,0
DA:71,0
DA:72,0
DA:73,0
DA:74,0
DA:75,0
DA:76,0
DA:77,0
DA:78,0
DA:79,0
DA:80,0
DA:81,0
DA:82,0
DA:83,0
DA:84,0
DA:85,0
DA:86,0
DA:87,0
DA:88,0
DA:89,0
DA:90,0
DA:91,0
DA:92,0
DA:93,0
DA:94,0
DA:95,0
DA:96,0
DA:97,0
DA:98,0
DA:99,0
DA:100,0
DA:101,0
DA:102,0
DA:103,0
DA:104,0
DA:105,0
DA:106,0
DA:107,0
DA:108,0
DA:109,0
DA:110,0
DA:111,0
DA:112,0
DA:113,0
DA:114,0
DA:115,0
DA:116,0
DA:117,0
DA:118,0
DA:119,0
DA:120,0
DA:121,0
DA:122,0
DA:123,0
DA:124,0
DA:125,0
DA:126,0
DA:127,0
DA:128,0
DA:129,0
DA:130,0
DA:131,0
DA:132,0
DA:133,0
DA:134,0
DA:135,0
DA:136,0
DA:137,0
DA:138,0
FN:153,System.Boolean Nutrition.APIs.NutritionSeedData/<>c__DisplayClass2_0::<SeedData>b__0(Nutrition.APIs.NutritionType)
FNDA:0,System.Boolean Nutrition.APIs.NutritionSeedData/<>c__DisplayClass2_0::<SeedData>b__0(Nutrition.APIs.NutritionType)
DA:154,0
FN:140,System.Void Nutrition.APIs.NutritionSeedData/<SeedData>d__2::MoveNext()
FNDA:0,System.Void Nutrition.APIs.NutritionSeedData/<SeedData>d__2::MoveNext()
DA:141,0
DA:142,0
DA:143,0
DA:144,0
DA:145,0
DA:146,0
DA:147,0
DA:149,0
DA:150,0
DA:151,0
DA:152,0
DA:153,0
DA:155,0
DA:156,0
DA:158,0
DA:159,0
DA:160,0
BRDA:143,212,0,0
BRDA:143,212,1,0
BRDA:150,603,0,0
BRDA:152,899,1,0
BRDA:154,716,0,0
BRDA:154,716,1,0
BRDA:152,899,0,0
BRDA:150,603,1,0
LF:148
LH:0
BRF:8
BRH:0
FNF:3
FNH:0
end_of_record
SF:c:\Users\anh.lamquoc\Workspace\Personal\Projects\study-unit-test\Nutrition.APIs\Services\FoodService.cs
FN:15,System.Void Nutrition.APIs.FoodService::.ctor(Nutrition.APIs.NutritionContext)
FNDA:5,System.Void Nutrition.APIs.FoodService::.ctor(Nutrition.APIs.NutritionContext)
DA:16,5
DA:17,5
DA:18,5
DA:19,5
FN:37,Nutrition.APIs.FoodCategory Nutrition.APIs.FoodService/<>c::<Create>b__4_0(System.Guid)
FNDA:0,Nutrition.APIs.FoodCategory Nutrition.APIs.FoodService/<>c::<Create>b__4_0(System.Guid)
DA:38,0
DA:39,0
DA:40,0
DA:41,0
DA:42,0
FN:54,Nutrition.APIs.FoodNutritionValue Nutrition.APIs.FoodService/<>c::<Create>b__4_1(Nutrition.APIs.FoodNutritionCreateRequest)
FNDA:0,Nutrition.APIs.FoodNutritionValue Nutrition.APIs.FoodService/<>c::<Create>b__4_1(Nutrition.APIs.FoodNutritionCreateRequest)
DA:55,0
DA:56,0
DA:57,0
DA:58,0
DA:59,0
DA:60,0
FN:31,System.Void Nutrition.APIs.FoodService/<Create>d__4::MoveNext()
FNDA:1,System.Void Nutrition.APIs.FoodService/<Create>d__4::MoveNext()
DA:32,1
DA:33,1
DA:34,1
DA:35,1
DA:36,1
DA:37,1
DA:43,1
DA:44,1
DA:46,3
DA:47,0
DA:48,0
DA:49,0
DA:50,0
DA:51,0
DA:52,0
DA:53,0
DA:54,0
DA:61,0
DA:62,0
DA:63,0
DA:64,1
DA:65,1
DA:66,1
DA:67,1
BRDA:46,416,1,0
BRDA:46,416,0,1
FN:21,System.Void Nutrition.APIs.FoodService/<GetAll>d__2::MoveNext()
FNDA:1,System.Void Nutrition.APIs.FoodService/<GetAll>d__2::MoveNext()
DA:22,1
DA:23,1
DA:24,1
FN:26,System.Void Nutrition.APIs.FoodService/<GetOne>d__3::MoveNext()
FNDA:3,System.Void Nutrition.APIs.FoodService/<GetOne>d__3::MoveNext()
DA:27,3
DA:28,3
DA:29,3
LF:45
LH:23
BRF:2
BRH:1
FNF:6
FNH:4
end_of_record
SF:c:\Users\anh.lamquoc\Workspace\Personal\Projects\study-unit-test\Nutrition.APIs\Services\MealService.cs
FN:41,System.Threading.Tasks.Task`1<Nutrition.APIs.Meal> Nutrition.APIs.MealService::Create(Nutrition.APIs.MealCreateRequest)
FNDA:0,System.Threading.Tasks.Task`1<Nutrition.APIs.Meal> Nutrition.APIs.MealService::Create(Nutrition.APIs.MealCreateRequest)
DA:42,0
DA:43,0
DA:44,0
FN:16,System.Void Nutrition.APIs.MealService::.ctor(Nutrition.APIs.NutritionContext)
FNDA:0,System.Void Nutrition.APIs.MealService::.ctor(Nutrition.APIs.NutritionContext)
DA:17,0
DA:18,0
DA:19,0
DA:20,0
FN:22,System.Void Nutrition.APIs.MealService/<GetAll>d__2::MoveNext()
FNDA:0,System.Void Nutrition.APIs.MealService/<GetAll>d__2::MoveNext()
DA:23,0
DA:24,0
DA:25,0
DA:26,0
DA:27,0
DA:28,0
DA:30,0
DA:31,0
DA:32,0
DA:33,0
DA:35,0
DA:36,0
DA:37,0
DA:38,0
DA:39,0
BRDA:25,137,0,0
BRDA:25,137,1,0
BRDA:30,304,0,0
BRDA:30,304,1,0
BRDA:30,344,0,0
BRDA:30,344,1,0
LF:22
LH:0
BRF:6
BRH:0
FNF:3
FNH:0
end_of_record
SF:c:\Users\anh.lamquoc\Workspace\Personal\Projects\study-unit-test\Nutrition.APIs\Services\NutritionService.cs
FN:15,System.Void Nutrition.APIs.NutritionService::.ctor(Nutrition.APIs.NutritionContext)
FNDA:1,System.Void Nutrition.APIs.NutritionService::.ctor(Nutrition.APIs.NutritionContext)
DA:16,1
DA:17,1
DA:18,1
DA:19,1
FN:31,System.Void Nutrition.APIs.NutritionService/<Create>d__4::MoveNext()
FNDA:0,System.Void Nutrition.APIs.NutritionService/<Create>d__4::MoveNext()
DA:32,0
DA:33,0
DA:34,0
DA:35,0
DA:36,0
FN:21,System.Void Nutrition.APIs.NutritionService/<GetAll>d__2::MoveNext()
FNDA:1,System.Void Nutrition.APIs.NutritionService/<GetAll>d__2::MoveNext()
DA:22,1
DA:23,1
DA:24,1
FN:26,System.Void Nutrition.APIs.NutritionService/<GetOne>d__3::MoveNext()
FNDA:0,System.Void Nutrition.APIs.NutritionService/<GetOne>d__3::MoveNext()
DA:27,0
DA:28,0
DA:29,0
LF:15
LH:7
BRF:0
BRH:0
FNF:4
FNH:2
end_of_record
SF:c:\Users\anh.lamquoc\Workspace\Personal\Projects\study-unit-test\Nutrition.APIs\Services\ReportService.cs
FN:13,System.Void Nutrition.APIs.ReportService::.ctor(Nutrition.APIs.NutritionContext)
FNDA:0,System.Void Nutrition.APIs.ReportService::.ctor(Nutrition.APIs.NutritionContext)
DA:14,0
DA:15,0
DA:16,0
DA:17,0
FN:54,System.Boolean Nutrition.APIs.ReportService/<>c__DisplayClass2_2::<GetNutritionProfile>b__4(Nutrition.APIs.Nutrition)
FNDA:0,System.Boolean Nutrition.APIs.ReportService/<>c__DisplayClass2_2::<GetNutritionProfile>b__4(Nutrition.APIs.Nutrition)
DA:55,0
BRDA:55,26,0,0
BRDA:55,26,1,0
FN:60,System.Boolean Nutrition.APIs.ReportService/<>c__DisplayClass2_3::<GetNutritionProfile>b__5(Nutrition.APIs.ReportNutritionValue)
FNDA:0,System.Boolean Nutrition.APIs.ReportService/<>c__DisplayClass2_3::<GetNutritionProfile>b__5(Nutrition.APIs.ReportNutritionValue)
DA:61,0
FN:19,System.Void Nutrition.APIs.ReportService/<GetNutritionProfile>d__2::MoveNext()
FNDA:0,System.Void Nutrition.APIs.ReportService/<GetNutritionProfile>d__2::MoveNext()
DA:20,0
DA:21,0
DA:23,0
DA:24,0
DA:25,0
DA:26,0
DA:27,0
DA:29,0
DA:30,0
DA:31,0
DA:32,0
DA:33,0
DA:34,0
DA:35,0
DA:37,0
DA:38,0
DA:39,0
DA:40,0
DA:41,0
DA:44,0
DA:45,0
DA:46,0
DA:47,0
DA:48,0
DA:49,0
DA:50,0
DA:51,0
DA:53,0
DA:54,0
DA:56,0
DA:57,0
DA:58,0
DA:62,0
DA:63,0
DA:64,0
DA:65,0
DA:66,0
DA:67,0
DA:68,0
DA:69,0
DA:70,0
DA:71,0
DA:72,0
DA:73,0
DA:74,0
DA:75,0
DA:76,0
DA:77,0
DA:78,0
DA:79,0
DA:80,0
DA:82,0
DA:83,0
BRDA:37,1890,1,0
BRDA:39,825,0,0
BRDA:39,825,1,0
BRDA:44,1829,1,0
BRDA:49,1264,0,0
BRDA:49,1264,1,0
BRDA:49,1282,0,0
BRDA:49,1282,1,0
BRDA:53,1761,1,0
BRDA:56,1420,0,0
BRDA:56,1420,1,0
BRDA:62,1480,0,0
BRDA:62,1480,1,0
BRDA:74,1672,0,0
BRDA:74,1672,1,0
BRDA:53,1761,0,0
BRDA:44,1829,0,0
BRDA:37,1890,0,0
LF:59
LH:0
BRF:20
BRH:0
FNF:4
FNH:0
end_of_record
SF:c:\Users\anh.lamquoc\Workspace\Personal\Projects\study-unit-test\Nutrition.APIs\ValueObjects\BaseSearchRequest.cs
FN:4,System.String Nutrition.APIs.BaseSearchRequest::get_Keyword()
FNDA:0,System.String Nutrition.APIs.BaseSearchRequest::get_Keyword()
DA:5,0
FN:5,System.Nullable`1<System.DateTimeOffset> Nutrition.APIs.BaseSearchRequest::get_FromTime()
FNDA:0,System.Nullable`1<System.DateTimeOffset> Nutrition.APIs.BaseSearchRequest::get_FromTime()
DA:6,0
FN:6,System.Nullable`1<System.DateTimeOffset> Nutrition.APIs.BaseSearchRequest::get_ToTime()
FNDA:0,System.Nullable`1<System.DateTimeOffset> Nutrition.APIs.BaseSearchRequest::get_ToTime()
DA:7,0
LF:3
LH:0
BRF:0
BRH:0
FNF:3
FNH:0
end_of_record
SF:c:\Users\anh.lamquoc\Workspace\Personal\Projects\study-unit-test\Nutrition.APIs\ValueObjects\FoodCreateRequest.cs
FN:4,System.String Nutrition.APIs.FoodCreateRequest::get_Name()
FNDA:5,System.String Nutrition.APIs.FoodCreateRequest::get_Name()
DA:5,5
FN:5,System.Collections.Generic.List`1<System.Guid> Nutrition.APIs.FoodCreateRequest::get_CategoryIds()
FNDA:5,System.Collections.Generic.List`1<System.Guid> Nutrition.APIs.FoodCreateRequest::get_CategoryIds()
DA:6,5
FN:6,System.Collections.Generic.List`1<Nutrition.APIs.FoodVariationCreateRequest> Nutrition.APIs.FoodCreateRequest::get_FoodVariations()
FNDA:5,System.Collections.Generic.List`1<Nutrition.APIs.FoodVariationCreateRequest> Nutrition.APIs.FoodCreateRequest::get_FoodVariations()
DA:7,5
FN:11,System.String Nutrition.APIs.FoodVariationCreateRequest::get_VariationDescription()
FNDA:0,System.String Nutrition.APIs.FoodVariationCreateRequest::get_VariationDescription()
DA:12,0
FN:12,System.Double Nutrition.APIs.FoodVariationCreateRequest::get_NutritionServingAmount()
FNDA:0,System.Double Nutrition.APIs.FoodVariationCreateRequest::get_NutritionServingAmount()
DA:13,0
FN:13,System.String Nutrition.APIs.FoodVariationCreateRequest::get_NutritionServingUnit()
FNDA:0,System.String Nutrition.APIs.FoodVariationCreateRequest::get_NutritionServingUnit()
DA:14,0
FN:14,System.Double Nutrition.APIs.FoodVariationCreateRequest::get_CaloriesPerServing()
FNDA:0,System.Double Nutrition.APIs.FoodVariationCreateRequest::get_CaloriesPerServing()
DA:15,0
FN:15,System.Collections.Generic.List`1<Nutrition.APIs.FoodNutritionCreateRequest> Nutrition.APIs.FoodVariationCreateRequest::get_Nutritions()
FNDA:0,System.Collections.Generic.List`1<Nutrition.APIs.FoodNutritionCreateRequest> Nutrition.APIs.FoodVariationCreateRequest::get_Nutritions()
DA:16,0
FN:20,System.Guid Nutrition.APIs.FoodNutritionCreateRequest::get_NutritionId()
FNDA:0,System.Guid Nutrition.APIs.FoodNutritionCreateRequest::get_NutritionId()
DA:21,0
FN:21,System.Double Nutrition.APIs.FoodNutritionCreateRequest::get_Amount()
FNDA:0,System.Double Nutrition.APIs.FoodNutritionCreateRequest::get_Amount()
DA:22,0
LF:10
LH:3
BRF:0
BRH:0
FNF:10
FNH:3
end_of_record
SF:c:\Users\anh.lamquoc\Workspace\Personal\Projects\study-unit-test\Nutrition.APIs\ValueObjects\MealCreateRequest.cs
FN:4,System.String Nutrition.APIs.MealCreateRequest::get_Title()
FNDA:0,System.String Nutrition.APIs.MealCreateRequest::get_Title()
DA:5,0
FN:5,System.String Nutrition.APIs.MealCreateRequest::get_Description()
FNDA:0,System.String Nutrition.APIs.MealCreateRequest::get_Description()
DA:6,0
FN:6,System.Nullable`1<System.DateTimeOffset> Nutrition.APIs.MealCreateRequest::get_From()
FNDA:0,System.Nullable`1<System.DateTimeOffset> Nutrition.APIs.MealCreateRequest::get_From()
DA:7,0
FN:7,System.Nullable`1<System.DateTimeOffset> Nutrition.APIs.MealCreateRequest::get_To()
FNDA:0,System.Nullable`1<System.DateTimeOffset> Nutrition.APIs.MealCreateRequest::get_To()
DA:8,0
FN:8,System.Double Nutrition.APIs.MealCreateRequest::get_CalculatedCalories()
FNDA:0,System.Double Nutrition.APIs.MealCreateRequest::get_CalculatedCalories()
DA:9,0
FN:9,System.Guid Nutrition.APIs.MealCreateRequest::get_MealTypeId()
FNDA:0,System.Guid Nutrition.APIs.MealCreateRequest::get_MealTypeId()
DA:10,0
LF:6
LH:0
BRF:0
BRH:0
FNF:6
FNH:0
end_of_record
SF:c:\Users\anh.lamquoc\Workspace\Personal\Projects\study-unit-test\Nutrition.APIs\ValueObjects\ReportNutritionProfileResponse.cs
FN:4,System.Nullable`1<System.DateTimeOffset> Nutrition.APIs.ReportNutritionProfileResponse::get_FromTime()
FNDA:0,System.Nullable`1<System.DateTimeOffset> Nutrition.APIs.ReportNutritionProfileResponse::get_FromTime()
DA:5,0
FN:5,System.Nullable`1<System.DateTimeOffset> Nutrition.APIs.ReportNutritionProfileResponse::get_ToTime()
FNDA:0,System.Nullable`1<System.DateTimeOffset> Nutrition.APIs.ReportNutritionProfileResponse::get_ToTime()
DA:6,0
FN:6,System.Double Nutrition.APIs.ReportNutritionProfileResponse::get_TotalCalories()
FNDA:0,System.Double Nutrition.APIs.ReportNutritionProfileResponse::get_TotalCalories()
DA:7,0
FN:7,System.Collections.Generic.List`1<Nutrition.APIs.ReportNutritionValue> Nutrition.APIs.ReportNutritionProfileResponse::get_NutritionValues()
FNDA:0,System.Collections.Generic.List`1<Nutrition.APIs.ReportNutritionValue> Nutrition.APIs.ReportNutritionProfileResponse::get_NutritionValues()
DA:8,0
FN:12,System.Guid Nutrition.APIs.ReportNutritionValue::get_NutritionId()
FNDA:0,System.Guid Nutrition.APIs.ReportNutritionValue::get_NutritionId()
DA:13,0
FN:13,System.String Nutrition.APIs.ReportNutritionValue::get_NutritionName()
FNDA:0,System.String Nutrition.APIs.ReportNutritionValue::get_NutritionName()
DA:14,0
FN:14,System.String Nutrition.APIs.ReportNutritionValue::get_Unit()
FNDA:0,System.String Nutrition.APIs.ReportNutritionValue::get_Unit()
DA:15,0
FN:15,System.Double Nutrition.APIs.ReportNutritionValue::get_Amount()
FNDA:0,System.Double Nutrition.APIs.ReportNutritionValue::get_Amount()
DA:16,0
FN:16,System.Collections.Generic.List`1<Nutrition.APIs.ReportNutritionValue> Nutrition.APIs.ReportNutritionValue::get_Nutritions()
FNDA:0,System.Collections.Generic.List`1<Nutrition.APIs.ReportNutritionValue> Nutrition.APIs.ReportNutritionValue::get_Nutritions()
DA:17,0
LF:9
LH:0
BRF:0
BRH:0
FNF:9
FNH:0
end_of_record
SF:c:\Users\anh.lamquoc\Workspace\Personal\Projects\study-unit-test\Nutrition.APIs\Migrations\20240423033402_InitialDatabase.cs
FN:12,System.Void Nutrition.APIs.Migrations.InitialDatabase::Up(Microsoft.EntityFrameworkCore.Migrations.MigrationBuilder)
FNDA:0,System.Void Nutrition.APIs.Migrations.InitialDatabase::Up(Microsoft.EntityFrameworkCore.Migrations.MigrationBuilder)
DA:13,0
DA:14,0
DA:15,0
DA:16,0
DA:17,0
DA:18,0
DA:19,0
DA:20,0
DA:21,0
DA:22,0
DA:23,0
DA:24,0
DA:25,0
DA:26,0
DA:27,0
DA:28,0
DA:29,0
DA:30,0
DA:31,0
DA:32,0
DA:34,0
DA:35,0
DA:36,0
DA:37,0
DA:38,0
DA:39,0
DA:40,0
DA:41,0
DA:42,0
DA:43,0
DA:44,0
DA:45,0
DA:46,0
DA:47,0
DA:48,0
DA:49,0
DA:50,0
DA:51,0
DA:53,0
DA:54,0
DA:55,0
DA:56,0
DA:57,0
DA:58,0
DA:59,0
DA:60,0
DA:61,0
DA:62,0
DA:63,0
DA:64,0
DA:65,0
DA:66,0
DA:67,0
DA:68,0
DA:69,0
DA:70,0
DA:72,0
DA:73,0
DA:74,0
DA:75,0
DA:76,0
DA:77,0
DA:78,0
DA:79,0
DA:80,0
DA:81,0
DA:82,0
DA:83,0
DA:84,0
DA:85,0
DA:86,0
DA:87,0
DA:88,0
DA:89,0
DA:90,0
DA:91,0
DA:92,0
DA:93,0
DA:94,0
DA:95,0
DA:96,0
DA:97,0
DA:98,0
DA:99,0
DA:100,0
DA:102,0
DA:103,0
DA:104,0
DA:105,0
DA:106,0
DA:107,0
DA:108,0
DA:109,0
DA:110,0
DA:111,0
DA:112,0
DA:113,0
DA:114,0
DA:115,0
DA:116,0
DA:117,0
DA:118,0
DA:119,0
DA:120,0
DA:121,0
DA:122,0
DA:123,0
DA:124,0
DA:125,0
DA:126,0
DA:127,0
DA:128,0
DA:129,0
DA:131,0
DA:132,0
DA:133,0
DA:134,0
DA:135,0
DA:136,0
DA:137,0
DA:138,0
DA:139,0
DA:140,0
DA:141,0
DA:142,0
DA:143,0
DA:144,0
DA:145,0
DA:146,0
DA:147,0
DA:148,0
DA:149,0
DA:150,0
DA:151,0
DA:152,0
DA:153,0
DA:154,0
DA:155,0
DA:156,0
DA:157,0
DA:158,0
DA:159,0
DA:160,0
DA:161,0
DA:162,0
DA:163,0
DA:165,0
DA:166,0
DA:167,0
DA:168,0
DA:169,0
DA:170,0
DA:171,0
DA:172,0
DA:173,0
DA:174,0
DA:175,0
DA:176,0
DA:177,0
DA:178,0
DA:179,0
DA:180,0
DA:181,0
DA:182,0
DA:183,0
DA:184,0
DA:185,0
DA:186,0
DA:187,0
DA:188,0
DA:189,0
DA:190,0
DA:191,0
DA:192,0
DA:193,0
DA:194,0
DA:195,0
DA:197,0
DA:198,0
DA:199,0
DA:200,0
DA:202,0
DA:203,0
DA:204,0
DA:205,0
DA:207,0
DA:208,0
DA:209,0
DA:210,0
DA:212,0
DA:213,0
DA:214,0
DA:215,0
DA:217,0
DA:218,0
DA:219,0
DA:220,0
DA:222,0
DA:223,0
DA:224,0
DA:225,0
DA:227,0
DA:228,0
DA:229,0
DA:230,0
DA:231,0
FN:234,System.Void Nutrition.APIs.Migrations.InitialDatabase::Down(Microsoft.EntityFrameworkCore.Migrations.MigrationBuilder)
FNDA:0,System.Void Nutrition.APIs.Migrations.InitialDatabase::Down(Microsoft.EntityFrameworkCore.Migrations.MigrationBuilder)
DA:235,0
DA:236,0
DA:237,0
DA:239,0
DA:240,0
DA:242,0
DA:243,0
DA:245,0
DA:246,0
DA:248,0
DA:249,0
DA:251,0
DA:252,0
DA:254,0
DA:255,0
DA:256,0
LF:222
LH:0
BRF:0
BRH:0
FNF:2
FNH:0
end_of_record
SF:c:\Users\anh.lamquoc\Workspace\Personal\Projects\study-unit-test\Nutrition.APIs\Migrations\20240423033402_InitialDatabase.Designer.cs
FN:19,System.Void Nutrition.APIs.Migrations.InitialDatabase::BuildTargetModel(Microsoft.EntityFrameworkCore.ModelBuilder)
FNDA:0,System.Void Nutrition.APIs.Migrations.InitialDatabase::BuildTargetModel(Microsoft.EntityFrameworkCore.ModelBuilder)
DA:20,0
DA:22,0
DA:23,0
DA:24,0
DA:26,0
DA:28,0
DA:29,0
DA:30,0
DA:31,0
DA:32,0
DA:33,0
DA:34,0
DA:35,0
DA:36,0
DA:37,0
DA:38,0
DA:39,0
DA:40,0
DA:41,0
DA:42,0
DA:43,0
DA:44,0
DA:45,0
DA:46,0
DA:47,0
DA:48,0
DA:49,0
DA:50,0
DA:51,0
DA:52,0
DA:53,0
DA:54,0
DA:55,0
DA:56,0
DA:57,0
DA:58,0
DA:59,0
DA:60,0
DA:61,0
DA:62,0
DA:63,0
DA:64,0
DA:65,0
DA:66,0
DA:68,0
DA:69,0
DA:70,0
DA:71,0
DA:72,0
DA:73,0
DA:74,0
DA:75,0
DA:76,0
DA:77,0
DA:78,0
DA:79,0
DA:80,0
DA:81,0
DA:82,0
DA:83,0
DA:84,0
DA:85,0
DA:86,0
DA:87,0
DA:88,0
DA:89,0
DA:90,0
DA:91,0
DA:92,0
DA:93,0
DA:94,0
DA:95,0
DA:96,0
DA:97,0
DA:98,0
DA:99,0
DA:100,0
DA:101,0
DA:102,0
DA:104,0
DA:105,0
DA:106,0
DA:107,0
DA:108,0
DA:109,0
DA:110,0
DA:111,0
DA:112,0
DA:113,0
DA:114,0
DA:115,0
DA:116,0
DA:117,0
DA:118,0
DA:119,0
DA:120,0
DA:121,0
DA:122,0
DA:123,0
DA:124,0
DA:125,0
DA:126,0
DA:127,0
DA:128,0
DA:129,0
DA:130,0
DA:131,0
DA:132,0
DA:133,0
DA:134,0
DA:135,0
DA:136,0
DA:137,0
DA:138,0
DA:139,0
DA:140,0
DA:141,0
DA:142,0
DA:143,0
DA:144,0
DA:146,0
DA:147,0
DA:148,0
DA:149,0
DA:150,0
DA:151,0
DA:152,0
DA:153,0
DA:154,0
DA:155,0
DA:156,0
DA:157,0
DA:158,0
DA:159,0
DA:160,0
DA:161,0
DA:162,0
DA:163,0
DA:164,0
DA:165,0
DA:166,0
DA:167,0
DA:168,0
DA:169,0
DA:170,0
DA:171,0
DA:172,0
DA:173,0
DA:174,0
DA:175,0
DA:176,0
DA:177,0
DA:178,0
DA:179,0
DA:180,0
DA:181,0
DA:182,0
DA:183,0
DA:184,0
DA:185,0
DA:186,0
DA:187,0
DA:188,0
DA:189,0
DA:190,0
DA:191,0
DA:192,0
DA:194,0
DA:195,0
DA:196,0
DA:197,0
DA:198,0
DA:199,0
DA:200,0
DA:201,0
DA:202,0
DA:203,0
DA:204,0
DA:205,0
DA:206,0
DA:207,0
DA:208,0
DA:209,0
DA:210,0
DA:211,0
DA:212,0
DA:213,0
DA:214,0
DA:215,0
DA:216,0
DA:217,0
DA:218,0
DA:219,0
DA:220,0
DA:221,0
DA:222,0
DA:223,0
DA:224,0
DA:225,0
DA:226,0
DA:227,0
DA:228,0
DA:229,0
DA:230,0
DA:231,0
DA:232,0
DA:233,0
DA:234,0
DA:235,0
DA:236,0
DA:237,0
DA:238,0
DA:239,0
DA:240,0
DA:241,0
DA:242,0
DA:243,0
DA:245,0
DA:246,0
DA:247,0
DA:248,0
DA:249,0
DA:250,0
DA:251,0
DA:252,0
DA:253,0
DA:254,0
DA:255,0
DA:256,0
DA:257,0
DA:258,0
DA:259,0
DA:260,0
DA:261,0
DA:262,0
DA:263,0
DA:264,0
DA:265,0
DA:266,0
DA:267,0
DA:268,0
DA:269,0
DA:270,0
DA:271,0
DA:272,0
DA:273,0
DA:274,0
DA:275,0
DA:276,0
DA:277,0
DA:278,0
DA:279,0
DA:280,0
DA:281,0
DA:282,0
DA:283,0
DA:284,0
DA:285,0
DA:286,0
DA:287,0
DA:288,0
DA:289,0
DA:290,0
DA:291,0
DA:292,0
DA:293,0
DA:294,0
DA:295,0
DA:296,0
DA:297,0
DA:298,0
DA:299,0
DA:301,0
DA:302,0
DA:303,0
DA:304,0
DA:305,0
DA:306,0
DA:307,0
DA:308,0
DA:309,0
DA:310,0
DA:311,0
DA:312,0
DA:313,0
DA:314,0
DA:315,0
DA:316,0
DA:317,0
DA:318,0
DA:319,0
DA:320,0
DA:321,0
DA:322,0
DA:323,0
DA:324,0
DA:325,0
DA:326,0
DA:327,0
DA:328,0
DA:329,0
DA:330,0
DA:331,0
DA:332,0
DA:333,0
DA:334,0
DA:335,0
DA:337,0
DA:338,0
DA:339,0
DA:340,0
DA:341,0
DA:342,0
DA:343,0
DA:344,0
DA:345,0
DA:346,0
DA:347,0
DA:348,0
DA:349,0
DA:350,0
DA:352,0
DA:353,0
DA:354,0
DA:355,0
DA:356,0
DA:357,0
DA:358,0
DA:359,0
DA:360,0
DA:361,0
DA:362,0
DA:363,0
DA:364,0
DA:365,0
DA:367,0
DA:368,0
DA:369,0
DA:370,0
DA:371,0
DA:372,0
DA:373,0
DA:374,0
DA:375,0
DA:376,0
DA:378,0
DA:379,0
DA:380,0
DA:381,0
DA:382,0
DA:383,0
DA:384,0
DA:385,0
DA:386,0
DA:387,0
DA:388,0
DA:389,0
DA:390,0
DA:391,0
DA:393,0
DA:394,0
DA:395,0
DA:396,0
DA:398,0
DA:399,0
DA:400,0
DA:401,0
DA:402,0
DA:403,0
DA:405,0
DA:406,0
DA:407,0
DA:408,0
DA:410,0
DA:411,0
DA:412,0
DA:413,0
DA:414,0
DA:415,0
DA:417,0
DA:418,0
DA:419,0
DA:420,0
DA:422,0
LF:384
LH:0
BRF:0
BRH:0
FNF:1
FNH:0
end_of_record
SF:c:\Users\anh.lamquoc\Workspace\Personal\Projects\study-unit-test\Nutrition.APIs\Migrations\20240423035349_AddMealAggregates.cs
FN:12,System.Void Nutrition.APIs.Migrations.AddMealAggregates::Up(Microsoft.EntityFrameworkCore.Migrations.MigrationBuilder)
FNDA:0,System.Void Nutrition.APIs.Migrations.AddMealAggregates::Up(Microsoft.EntityFrameworkCore.Migrations.MigrationBuilder)
DA:13,0
DA:14,0
DA:15,0
DA:16,0
DA:17,0
DA:18,0
DA:19,0
DA:20,0
DA:21,0
DA:22,0
DA:23,0
DA:24,0
DA:25,0
DA:26,0
DA:27,0
DA:28,0
DA:29,0
DA:30,0
DA:31,0
DA:32,0
DA:34,0
DA:35,0
DA:36,0
DA:37,0
DA:38,0
DA:39,0
DA:40,0
DA:41,0
DA:42,0
DA:43,0
DA:44,0
DA:45,0
DA:46,0
DA:47,0
DA:48,0
DA:49,0
DA:50,0
DA:51,0
DA:52,0
DA:53,0
DA:54,0
DA:55,0
DA:56,0
DA:57,0
DA:58,0
DA:59,0
DA:60,0
DA:61,0
DA:62,0
DA:64,0
DA:65,0
DA:66,0
DA:67,0
DA:68,0
DA:69,0
DA:70,0
DA:71,0
DA:72,0
DA:73,0
DA:74,0
DA:75,0
DA:76,0
DA:77,0
DA:78,0
DA:79,0
DA:80,0
DA:81,0
DA:82,0
DA:83,0
DA:84,0
DA:85,0
DA:86,0
DA:87,0
DA:88,0
DA:89,0
DA:90,0
DA:91,0
DA:92,0
DA:93,0
DA:94,0
DA:95,0
DA:96,0
DA:97,0
DA:99,0
DA:100,0
DA:101,0
DA:102,0
DA:104,0
DA:105,0
DA:106,0
DA:107,0
DA:109,0
DA:110,0
DA:111,0
DA:112,0
DA:113,0
FN:116,System.Void Nutrition.APIs.Migrations.AddMealAggregates::Down(Microsoft.EntityFrameworkCore.Migrations.MigrationBuilder)
FNDA:0,System.Void Nutrition.APIs.Migrations.AddMealAggregates::Down(Microsoft.EntityFrameworkCore.Migrations.MigrationBuilder)
DA:117,0
DA:118,0
DA:119,0
DA:121,0
DA:122,0
DA:124,0
DA:125,0
DA:126,0
LF:104
LH:0
BRF:0
BRH:0
FNF:2
FNH:0
end_of_record
SF:c:\Users\anh.lamquoc\Workspace\Personal\Projects\study-unit-test\Nutrition.APIs\Migrations\20240423035349_AddMealAggregates.Designer.cs
FN:19,System.Void Nutrition.APIs.Migrations.AddMealAggregates::BuildTargetModel(Microsoft.EntityFrameworkCore.ModelBuilder)
FNDA:0,System.Void Nutrition.APIs.Migrations.AddMealAggregates::BuildTargetModel(Microsoft.EntityFrameworkCore.ModelBuilder)
DA:20,0
DA:22,0
DA:23,0
DA:24,0
DA:26,0
DA:28,0
DA:29,0
DA:30,0
DA:31,0
DA:32,0
DA:33,0
DA:34,0
DA:35,0
DA:36,0
DA:37,0
DA:38,0
DA:39,0
DA:40,0
DA:41,0
DA:42,0
DA:43,0
DA:44,0
DA:45,0
DA:46,0
DA:47,0
DA:48,0
DA:49,0
DA:50,0
DA:51,0
DA:52,0
DA:53,0
DA:54,0
DA:55,0
DA:56,0
DA:57,0
DA:58,0
DA:59,0
DA:60,0
DA:61,0
DA:62,0
DA:63,0
DA:64,0
DA:65,0
DA:66,0
DA:68,0
DA:69,0
DA:70,0
DA:71,0
DA:72,0
DA:73,0
DA:74,0
DA:75,0
DA:76,0
DA:77,0
DA:78,0
DA:79,0
DA:80,0
DA:81,0
DA:82,0
DA:83,0
DA:84,0
DA:85,0
DA:86,0
DA:87,0
DA:88,0
DA:89,0
DA:90,0
DA:91,0
DA:92,0
DA:93,0
DA:94,0
DA:95,0
DA:96,0
DA:97,0
DA:98,0
DA:99,0
DA:100,0
DA:101,0
DA:102,0
DA:104,0
DA:105,0
DA:106,0
DA:107,0
DA:108,0
DA:109,0
DA:110,0
DA:111,0
DA:112,0
DA:113,0
DA:114,0
DA:115,0
DA:116,0
DA:117,0
DA:118,0
DA:119,0
DA:120,0
DA:121,0
DA:122,0
DA:123,0
DA:124,0
DA:125,0
DA:126,0
DA:127,0
DA:128,0
DA:129,0
DA:130,0
DA:131,0
DA:132,0
DA:133,0
DA:134,0
DA:135,0
DA:136,0
DA:137,0
DA:138,0
DA:139,0
DA:140,0
DA:141,0
DA:142,0
DA:143,0
DA:144,0
DA:146,0
DA:147,0
DA:148,0
DA:149,0
DA:150,0
DA:151,0
DA:152,0
DA:153,0
DA:154,0
DA:155,0
DA:156,0
DA:157,0
DA:158,0
DA:159,0
DA:160,0
DA:161,0
DA:162,0
DA:163,0
DA:164,0
DA:165,0
DA:166,0
DA:167,0
DA:168,0
DA:169,0
DA:170,0
DA:171,0
DA:172,0
DA:173,0
DA:174,0
DA:175,0
DA:176,0
DA:177,0
DA:178,0
DA:179,0
DA:180,0
DA:181,0
DA:182,0
DA:183,0
DA:184,0
DA:185,0
DA:186,0
DA:187,0
DA:188,0
DA:189,0
DA:190,0
DA:191,0
DA:192,0
DA:194,0
DA:195,0
DA:196,0
DA:197,0
DA:198,0
DA:199,0
DA:200,0
DA:201,0
DA:202,0
DA:203,0
DA:204,0
DA:205,0
DA:206,0
DA:207,0
DA:208,0
DA:209,0
DA:210,0
DA:211,0
DA:212,0
DA:213,0
DA:214,0
DA:215,0
DA:216,0
DA:217,0
DA:218,0
DA:219,0
DA:220,0
DA:221,0
DA:222,0
DA:223,0
DA:224,0
DA:225,0
DA:226,0
DA:227,0
DA:228,0
DA:229,0
DA:230,0
DA:231,0
DA:232,0
DA:233,0
DA:234,0
DA:235,0
DA:236,0
DA:237,0
DA:238,0
DA:239,0
DA:240,0
DA:241,0
DA:242,0
DA:243,0
DA:245,0
DA:246,0
DA:247,0
DA:248,0
DA:249,0
DA:250,0
DA:251,0
DA:252,0
DA:253,0
DA:254,0
DA:255,0
DA:256,0
DA:257,0
DA:258,0
DA:259,0
DA:260,0
DA:261,0
DA:262,0
DA:263,0
DA:264,0
DA:265,0
DA:266,0
DA:267,0
DA:268,0
DA:269,0
DA:270,0
DA:271,0
DA:272,0
DA:273,0
DA:274,0
DA:275,0
DA:276,0
DA:277,0
DA:278,0
DA:279,0
DA:280,0
DA:281,0
DA:282,0
DA:283,0
DA:284,0
DA:285,0
DA:286,0
DA:287,0
DA:288,0
DA:289,0
DA:290,0
DA:291,0
DA:292,0
DA:293,0
DA:294,0
DA:295,0
DA:296,0
DA:297,0
DA:299,0
DA:300,0
DA:301,0
DA:302,0
DA:303,0
DA:304,0
DA:305,0
DA:306,0
DA:307,0
DA:308,0
DA:309,0
DA:310,0
DA:311,0
DA:312,0
DA:313,0
DA:314,0
DA:315,0
DA:316,0
DA:317,0
DA:318,0
DA:319,0
DA:320,0
DA:321,0
DA:322,0
DA:323,0
DA:324,0
DA:325,0
DA:326,0
DA:327,0
DA:328,0
DA:329,0
DA:330,0
DA:331,0
DA:332,0
DA:333,0
DA:334,0
DA:335,0
DA:336,0
DA:337,0
DA:338,0
DA:339,0
DA:340,0
DA:341,0
DA:342,0
DA:343,0
DA:344,0
DA:345,0
DA:346,0
DA:347,0
DA:348,0
DA:349,0
DA:351,0
DA:352,0
DA:353,0
DA:354,0
DA:355,0
DA:356,0
DA:357,0
DA:358,0
DA:359,0
DA:360,0
DA:361,0
DA:362,0
DA:363,0
DA:364,0
DA:365,0
DA:366,0
DA:367,0
DA:368,0
DA:369,0
DA:370,0
DA:371,0
DA:372,0
DA:373,0
DA:374,0
DA:375,0
DA:376,0
DA:377,0
DA:378,0
DA:379,0
DA:380,0
DA:381,0
DA:382,0
DA:383,0
DA:384,0
DA:385,0
DA:386,0
DA:387,0
DA:388,0
DA:389,0
DA:391,0
DA:392,0
DA:393,0
DA:394,0
DA:395,0
DA:396,0
DA:397,0
DA:398,0
DA:399,0
DA:400,0
DA:401,0
DA:402,0
DA:403,0
DA:404,0
DA:405,0
DA:406,0
DA:407,0
DA:408,0
DA:409,0
DA:410,0
DA:411,0
DA:412,0
DA:413,0
DA:414,0
DA:415,0
DA:416,0
DA:417,0
DA:418,0
DA:419,0
DA:420,0
DA:421,0
DA:422,0
DA:423,0
DA:424,0
DA:425,0
DA:426,0
DA:427,0
DA:428,0
DA:429,0
DA:430,0
DA:431,0
DA:432,0
DA:433,0
DA:434,0
DA:435,0
DA:436,0
DA:437,0
DA:438,0
DA:439,0
DA:440,0
DA:441,0
DA:442,0
DA:443,0
DA:444,0
DA:445,0
DA:447,0
DA:448,0
DA:449,0
DA:450,0
DA:451,0
DA:452,0
DA:453,0
DA:454,0
DA:455,0
DA:456,0
DA:457,0
DA:458,0
DA:459,0
DA:460,0
DA:461,0
DA:462,0
DA:463,0
DA:464,0
DA:465,0
DA:466,0
DA:467,0
DA:468,0
DA:469,0
DA:470,0
DA:471,0
DA:472,0
DA:473,0
DA:474,0
DA:475,0
DA:476,0
DA:477,0
DA:478,0
DA:479,0
DA:480,0
DA:481,0
DA:483,0
DA:484,0
DA:485,0
DA:486,0
DA:487,0
DA:488,0
DA:489,0
DA:490,0
DA:491,0
DA:492,0
DA:493,0
DA:494,0
DA:495,0
DA:496,0
DA:498,0
DA:499,0
DA:500,0
DA:501,0
DA:502,0
DA:503,0
DA:504,0
DA:505,0
DA:506,0
DA:507,0
DA:508,0
DA:509,0
DA:510,0
DA:511,0
DA:513,0
DA:514,0
DA:515,0
DA:516,0
DA:517,0
DA:518,0
DA:519,0
DA:520,0
DA:521,0
DA:522,0
DA:524,0
DA:525,0
DA:526,0
DA:527,0
DA:528,0
DA:529,0
DA:530,0
DA:531,0
DA:532,0
DA:533,0
DA:535,0
DA:536,0
DA:537,0
DA:538,0
DA:539,0
DA:540,0
DA:541,0
DA:542,0
DA:543,0
DA:544,0
DA:545,0
DA:546,0
DA:547,0
DA:548,0
DA:549,0
DA:550,0
DA:551,0
DA:552,0
DA:554,0
DA:555,0
DA:556,0
DA:557,0
DA:558,0
DA:559,0
DA:560,0
DA:561,0
DA:562,0
DA:563,0
DA:564,0
DA:565,0
DA:566,0
DA:567,0
DA:569,0
DA:570,0
DA:571,0
DA:572,0
DA:574,0
DA:575,0
DA:576,0
DA:577,0
DA:578,0
DA:579,0
DA:581,0
DA:582,0
DA:583,0
DA:584,0
DA:586,0
DA:587,0
DA:588,0
DA:589,0
DA:591,0
DA:592,0
DA:593,0
DA:594,0
DA:595,0
DA:596,0
DA:598,0
DA:599,0
DA:600,0
DA:601,0
DA:603,0
LF:559
LH:0
BRF:0
BRH:0
FNF:1
FNH:0
end_of_record
SF:c:\Users\anh.lamquoc\Workspace\Personal\Projects\study-unit-test\Nutrition.APIs\Migrations\NutritionContextModelSnapshot.cs
FN:16,System.Void Nutrition.APIs.Migrations.NutritionContextModelSnapshot::BuildModel(Microsoft.EntityFrameworkCore.ModelBuilder)
FNDA:0,System.Void Nutrition.APIs.Migrations.NutritionContextModelSnapshot::BuildModel(Microsoft.EntityFrameworkCore.ModelBuilder)
DA:17,0
DA:19,0
DA:20,0
DA:21,0
DA:23,0
DA:25,0
DA:26,0
DA:27,0
DA:28,0
DA:29,0
DA:30,0
DA:31,0
DA:32,0
DA:33,0
DA:34,0
DA:35,0
DA:36,0
DA:37,0
DA:38,0
DA:39,0
DA:40,0
DA:41,0
DA:42,0
DA:43,0
DA:44,0
DA:45,0
DA:46,0
DA:47,0
DA:48,0
DA:49,0
DA:50,0
DA:51,0
DA:52,0
DA:53,0
DA:54,0
DA:55,0
DA:56,0
DA:57,0
DA:58,0
DA:59,0
DA:60,0
DA:61,0
DA:62,0
DA:63,0
DA:65,0
DA:66,0
DA:67,0
DA:68,0
DA:69,0
DA:70,0
DA:71,0
DA:72,0
DA:73,0
DA:74,0
DA:75,0
DA:76,0
DA:77,0
DA:78,0
DA:79,0
DA:80,0
DA:81,0
DA:82,0
DA:83,0
DA:84,0
DA:85,0
DA:86,0
DA:87,0
DA:88,0
DA:89,0
DA:90,0
DA:91,0
DA:92,0
DA:93,0
DA:94,0
DA:95,0
DA:96,0
DA:97,0
DA:98,0
DA:99,0
DA:101,0
DA:102,0
DA:103,0
DA:104,0
DA:105,0
DA:106,0
DA:107,0
DA:108,0
DA:109,0
DA:110,0
DA:111,0
DA:112,0
DA:113,0
DA:114,0
DA:115,0
DA:116,0
DA:117,0
DA:118,0
DA:119,0
DA:120,0
DA:121,0
DA:122,0
DA:123,0
DA:124,0
DA:125,0
DA:126,0
DA:127,0
DA:128,0
DA:129,0
DA:130,0
DA:131,0
DA:132,0
DA:133,0
DA:134,0
DA:135,0
DA:136,0
DA:137,0
DA:138,0
DA:139,0
DA:140,0
DA:141,0
DA:143,0
DA:144,0
DA:145,0
DA:146,0
DA:147,0
DA:148,0
DA:149,0
DA:150,0
DA:151,0
DA:152,0
DA:153,0
DA:154,0
DA:155,0
DA:156,0
DA:157,0
DA:158,0
DA:159,0
DA:160,0
DA:161,0
DA:162,0
DA:163,0
DA:164,0
DA:165,0
DA:166,0
DA:167,0
DA:168,0
DA:169,0
DA:170,0
DA:171,0
DA:172,0
DA:173,0
DA:174,0
DA:175,0
DA:176,0
DA:177,0
DA:178,0
DA:179,0
DA:180,0
DA:181,0
DA:182,0
DA:183,0
DA:184,0
DA:185,0
DA:186,0
DA:187,0
DA:188,0
DA:189,0
DA:191,0
DA:192,0
DA:193,0
DA:194,0
DA:195,0
DA:196,0
DA:197,0
DA:198,0
DA:199,0
DA:200,0
DA:201,0
DA:202,0
DA:203,0
DA:204,0
DA:205,0
DA:206,0
DA:207,0
DA:208,0
DA:209,0
DA:210,0
DA:211,0
DA:212,0
DA:213,0
DA:214,0
DA:215,0
DA:216,0
DA:217,0
DA:218,0
DA:219,0
DA:220,0
DA:221,0
DA:222,0
DA:223,0
DA:224,0
DA:225,0
DA:226,0
DA:227,0
DA:228,0
DA:229,0
DA:230,0
DA:231,0
DA:232,0
DA:233,0
DA:234,0
DA:235,0
DA:236,0
DA:237,0
DA:238,0
DA:239,0
DA:240,0
DA:242,0
DA:243,0
DA:244,0
DA:245,0
DA:246,0
DA:247,0
DA:248,0
DA:249,0
DA:250,0
DA:251,0
DA:252,0
DA:253,0
DA:254,0
DA:255,0
DA:256,0
DA:257,0
DA:258,0
DA:259,0
DA:260,0
DA:261,0
DA:262,0
DA:263,0
DA:264,0
DA:265,0
DA:266,0
DA:267,0
DA:268,0
DA:269,0
DA:270,0
DA:271,0
DA:272,0
DA:273,0
DA:274,0
DA:275,0
DA:276,0
DA:277,0
DA:278,0
DA:279,0
DA:280,0
DA:281,0
DA:282,0
DA:283,0
DA:284,0
DA:285,0
DA:286,0
DA:287,0
DA:288,0
DA:289,0
DA:290,0
DA:291,0
DA:292,0
DA:293,0
DA:294,0
DA:296,0
DA:297,0
DA:298,0
DA:299,0
DA:300,0
DA:301,0
DA:302,0
DA:303,0
DA:304,0
DA:305,0
DA:306,0
DA:307,0
DA:308,0
DA:309,0
DA:310,0
DA:311,0
DA:312,0
DA:313,0
DA:314,0
DA:315,0
DA:316,0
DA:317,0
DA:318,0
DA:319,0
DA:320,0
DA:321,0
DA:322,0
DA:323,0
DA:324,0
DA:325,0
DA:326,0
DA:327,0
DA:328,0
DA:329,0
DA:330,0
DA:331,0
DA:332,0
DA:333,0
DA:334,0
DA:335,0
DA:336,0
DA:337,0
DA:338,0
DA:339,0
DA:340,0
DA:341,0
DA:342,0
DA:343,0
DA:344,0
DA:345,0
DA:346,0
DA:348,0
DA:349,0
DA:350,0
DA:351,0
DA:352,0
DA:353,0
DA:354,0
DA:355,0
DA:356,0
DA:357,0
DA:358,0
DA:359,0
DA:360,0
DA:361,0
DA:362,0
DA:363,0
DA:364,0
DA:365,0
DA:366,0
DA:367,0
DA:368,0
DA:369,0
DA:370,0
DA:371,0
DA:372,0
DA:373,0
DA:374,0
DA:375,0
DA:376,0
DA:377,0
DA:378,0
DA:379,0
DA:380,0
DA:381,0
DA:382,0
DA:383,0
DA:384,0
DA:385,0
DA:386,0
DA:388,0
DA:389,0
DA:390,0
DA:391,0
DA:392,0
DA:393,0
DA:394,0
DA:395,0
DA:396,0
DA:397,0
DA:398,0
DA:399,0
DA:400,0
DA:401,0
DA:402,0
DA:403,0
DA:404,0
DA:405,0
DA:406,0
DA:407,0
DA:408,0
DA:409,0
DA:410,0
DA:411,0
DA:412,0
DA:413,0
DA:414,0
DA:415,0
DA:416,0
DA:417,0
DA:418,0
DA:419,0
DA:420,0
DA:421,0
DA:422,0
DA:423,0
DA:424,0
DA:425,0
DA:426,0
DA:427,0
DA:428,0
DA:429,0
DA:430,0
DA:431,0
DA:432,0
DA:433,0
DA:434,0
DA:435,0
DA:436,0
DA:437,0
DA:438,0
DA:439,0
DA:440,0
DA:441,0
DA:442,0
DA:444,0
DA:445,0
DA:446,0
DA:447,0
DA:448,0
DA:449,0
DA:450,0
DA:451,0
DA:452,0
DA:453,0
DA:454,0
DA:455,0
DA:456,0
DA:457,0
DA:458,0
DA:459,0
DA:460,0
DA:461,0
DA:462,0
DA:463,0
DA:464,0
DA:465,0
DA:466,0
DA:467,0
DA:468,0
DA:469,0
DA:470,0
DA:471,0
DA:472,0
DA:473,0
DA:474,0
DA:475,0
DA:476,0
DA:477,0
DA:478,0
DA:480,0
DA:481,0
DA:482,0
DA:483,0
DA:484,0
DA:485,0
DA:486,0
DA:487,0
DA:488,0
DA:489,0
DA:490,0
DA:491,0
DA:492,0
DA:493,0
DA:495,0
DA:496,0
DA:497,0
DA:498,0
DA:499,0
DA:500,0
DA:501,0
DA:502,0
DA:503,0
DA:504,0
DA:505,0
DA:506,0
DA:507,0
DA:508,0
DA:510,0
DA:511,0
DA:512,0
DA:513,0
DA:514,0
DA:515,0
DA:516,0
DA:517,0
DA:518,0
DA:519,0
DA:521,0
DA:522,0
DA:523,0
DA:524,0
DA:525,0
DA:526,0
DA:527,0
DA:528,0
DA:529,0
DA:530,0
DA:532,0
DA:533,0
DA:534,0
DA:535,0
DA:536,0
DA:537,0
DA:538,0
DA:539,0
DA:540,0
DA:541,0
DA:542,0
DA:543,0
DA:544,0
DA:545,0
DA:546,0
DA:547,0
DA:548,0
DA:549,0
DA:551,0
DA:552,0
DA:553,0
DA:554,0
DA:555,0
DA:556,0
DA:557,0
DA:558,0
DA:559,0
DA:560,0
DA:561,0
DA:562,0
DA:563,0
DA:564,0
DA:566,0
DA:567,0
DA:568,0
DA:569,0
DA:571,0
DA:572,0
DA:573,0
DA:574,0
DA:575,0
DA:576,0
DA:578,0
DA:579,0
DA:580,0
DA:581,0
DA:583,0
DA:584,0
DA:585,0
DA:586,0
DA:588,0
DA:589,0
DA:590,0
DA:591,0
DA:592,0
DA:593,0
DA:595,0
DA:596,0
DA:597,0
DA:598,0
DA:600,0
LF:559
LH:0
BRF:0
BRH:0
FNF:1
FNH:0
end_of_record
SF:c:\Users\anh.lamquoc\Workspace\Personal\Projects\study-unit-test\Nutrition.Library\Extensions\ExpressionExtension.cs
FN:7,System.Linq.Expressions.Expression`1<System.Func`2<T,System.Boolean>> Nutrition.Library.ExpressionExtension::And(System.Linq.Expressions.Expression`1<System.Func`2<T,System.Boolean>>,System.Linq.Expressions.Expression`1<System.Func`2<T,System.Boolean>>)
FNDA:0,System.Linq.Expressions.Expression`1<System.Func`2<T,System.Boolean>> Nutrition.Library.ExpressionExtension::And(System.Linq.Expressions.Expression`1<System.Func`2<T,System.Boolean>>,System.Linq.Expressions.Expression`1<System.Func`2<T,System.Boolean>>)
DA:8,0
DA:9,0
DA:11,0
DA:12,0
DA:14,0
DA:15,0
DA:16,0
FN:18,System.Linq.Expressions.Expression`1<System.Func`2<T,System.Boolean>> Nutrition.Library.ExpressionExtension::Or(System.Linq.Expressions.Expression`1<System.Func`2<T,System.Boolean>>,System.Linq.Expressions.Expression`1<System.Func`2<T,System.Boolean>>)
FNDA:0,System.Linq.Expressions.Expression`1<System.Func`2<T,System.Boolean>> Nutrition.Library.ExpressionExtension::Or(System.Linq.Expressions.Expression`1<System.Func`2<T,System.Boolean>>,System.Linq.Expressions.Expression`1<System.Func`2<T,System.Boolean>>)
DA:19,0
DA:20,0
DA:22,0
DA:23,0
DA:25,0
DA:26,0
DA:27,0
FN:34,System.Linq.Expressions.Expression Nutrition.Library.SubstExpressionVisitor::VisitParameter(System.Linq.Expressions.ParameterExpression)
FNDA:0,System.Linq.Expressions.Expression Nutrition.Library.SubstExpressionVisitor::VisitParameter(System.Linq.Expressions.ParameterExpression)
DA:35,0
DA:36,0
DA:37,0
DA:38,0
DA:40,0
DA:41,0
BRDA:36,17,0,0
BRDA:36,17,1,0
FN:31,System.Void Nutrition.Library.SubstExpressionVisitor::.ctor()
FNDA:0,System.Void Nutrition.Library.SubstExpressionVisitor::.ctor()
DA:32,0
LF:21
LH:0
BRF:2
BRH:0
FNF:4
FNH:0
end_of_record